<?xml version="1.0" encoding="UTF-8"?>
<!-- Generated by org.testng.reporters.JUnitXMLReporter -->
<testsuite hostname="BSC-PF10PQNE" ignored="0" name="Test" tests="4" failures="1" timestamp="12 Sep 2020 07:05:10 GMT" time="63.684" errors="0">
  <testcase name="verifyIxigoPageIsLoaded" time="8.711" classname="koch.com.ixigo.verifyIxigo"/>
  <testcase name="verifyPassangerDetailsAreAdded" time="54.929" classname="koch.com.ixigo.verifyIxigo">
    <failure type="java.lang.AssertionError" message="Verify From Place Acutual : IXG - Belgaum Expected is : PNQ - Pune expected [PNQ - Pune] but found [IXG - Belgaum]">
      <![CDATA[java.lang.AssertionError: Verify From Place Acutual : IXG - Belgaum Expected is : PNQ - Pune expected [PNQ - Pune] but found [IXG - Belgaum]
at koch.com.ixigo.verifyIxigo.verifyPassangerDetailsAreAdded(verifyIxigo.java:86)
at java.util.concurrent.FutureTask.run(Unknown Source)
at java.util.concurrent.ThreadPoolExecutor.runWorker(Unknown Source)
at java.util.concurrent.ThreadPoolExecutor$Worker.run(Unknown Source)
at java.lang.Thread.run(Unknown Source)
... Removed 21 stack frames]]>
    </failure>
  </testcase> <!-- verifyPassangerDetailsAreAdded -->
  <testcase name="verifyNonStopFlights" time="0.0" classname="koch.com.ixigo.verifyIxigo">
    <skipped/>
  </testcase> <!-- verifyNonStopFlights -->
  <testcase name="verifyFlightsWithFareLessThanFiveThosuand" time="0.0" classname="koch.com.ixigo.verifyIxigo">
    <skipped/>
  </testcase> <!-- verifyFlightsWithFareLessThanFiveThosuand -->
</testsuite> <!-- Test -->
